This is pdfTeX, Version 3.141592653-2.6-1.40.25 (TeX Live 2023/Fedora 40) (preloaded format=pdflatex 2024.11.29)  29 NOV 2024 15:28
entering extended mode
 restricted \write18 enabled.
 file:line:error style messages enabled.
 %&-line parsing enabled.
**"/home/nf/Рабочий стол/имто/ITMO_repo/informatics/sem1/lab6/6"
(/home/nf/Рабочий стол/имто/ITMO_repo/informatics/sem1/lab6/6.tex
LaTeX2e <2022-11-01> patch level 1
L3 programming layer <2023-02-22> (/usr/share/texlive/texmf-dist/tex/latex/base/article.cls
Document Class: article 2022/07/02 v1.4n Standard LaTeX document class
(/usr/share/texlive/texmf-dist/tex/latex/base/size10.clo
File: size10.clo 2022/07/02 v1.4n Standard LaTeX file (size option)
)
\c@part=\count185
\c@section=\count186
\c@subsection=\count187
\c@subsubsection=\count188
\c@paragraph=\count189
\c@subparagraph=\count190
\c@figure=\count191
\c@table=\count192
\abovecaptionskip=\skip48
\belowcaptionskip=\skip49
\bibindent=\dimen140
) (/usr/share/texlive/texmf-dist/tex/latex/geometry/geometry.sty
Package: geometry 2020/01/02 v5.9 Page Geometry
 (/usr/share/texlive/texmf-dist/tex/latex/graphics/keyval.sty
Package: keyval 2022/05/29 v1.15 key=value parser (DPC)
\KV@toks@=\toks16
) (/usr/share/texlive/texmf-dist/tex/generic/iftex/ifvtex.sty
Package: ifvtex 2019/10/25 v1.7 ifvtex legacy package. Use iftex instead.
 (/usr/share/texlive/texmf-dist/tex/generic/iftex/iftex.sty
Package: iftex 2022/02/03 v1.0f TeX engine tests
))
\Gm@cnth=\count193
\Gm@cntv=\count194
\c@Gm@tempcnt=\count195
\Gm@bindingoffset=\dimen141
\Gm@wd@mp=\dimen142
\Gm@odd@mp=\dimen143
\Gm@even@mp=\dimen144
\Gm@layoutwidth=\dimen145
\Gm@layoutheight=\dimen146
\Gm@layouthoffset=\dimen147
\Gm@layoutvoffset=\dimen148
\Gm@dimlist=\toks17
) (/usr/share/texlive/texmf-dist/tex/latex/vwcol/vwcol.sty
Package: vwcol 2015/02/10 v0.2 Variable-width multicolumn text
 (/usr/share/texlive/texmf-dist/tex/latex/tools/calc.sty
Package: calc 2017/05/25 v4.3 Infix arithmetic (KKT,FJ)
\calc@Acount=\count196
\calc@Bcount=\count197
\calc@Adimen=\dimen149
\calc@Bdimen=\dimen150
\calc@Askip=\skip50
\calc@Bskip=\skip51
LaTeX Info: Redefining \setlength on input line 80.
LaTeX Info: Redefining \addtolength on input line 81.
\calc@Ccount=\count198
\calc@Cskip=\skip52
) (/usr/share/texlive/texmf-dist/tex/latex/graphics/color.sty
Package: color 2022/01/06 v1.3d Standard LaTeX Color (DPC)
 (/usr/share/texlive/texmf-dist/tex/latex/graphics-cfg/color.cfg
File: color.cfg 2016/01/02 v1.6 sample color configuration
)
Package color Info: Driver file: pdftex.def on input line 149.
 (/usr/share/texlive/texmf-dist/tex/latex/graphics-def/pdftex.def
File: pdftex.def 2022/09/22 v1.2b Graphics/color driver for pdftex
) (/usr/share/texlive/texmf-dist/tex/latex/graphics/mathcolor.ltx)) (/usr/share/texlive/texmf-dist/tex/latex/environ/environ.sty
Package: environ 2014/05/04 v0.3 A new way to define environments
 (/usr/share/texlive/texmf-dist/tex/latex/trimspaces/trimspaces.sty
Package: trimspaces 2009/09/17 v1.1 Trim spaces around a token list
)
\@envbody=\toks18
) (/usr/share/texlive/texmf-dist/tex/latex/ragged2e/ragged2e.sty
Package: ragged2e 2023/02/25 v3.4 ragged2e Package
\CenteringLeftskip=\skip53
\RaggedLeftLeftskip=\skip54
\RaggedRightLeftskip=\skip55
\CenteringRightskip=\skip56
\RaggedLeftRightskip=\skip57
\RaggedRightRightskip=\skip58
\CenteringParfillskip=\skip59
\RaggedLeftParfillskip=\skip60
\RaggedRightParfillskip=\skip61
\JustifyingParfillskip=\skip62
\CenteringParindent=\skip63
\RaggedLeftParindent=\skip64
\RaggedRightParindent=\skip65
\JustifyingParindent=\skip66
)
\vwcol@sep=\skip67
\vwcol@rule=\skip68
\vwcol@totalwidth=\skip69
\vwcol@averagewidth=\skip70
\vwcol@parindent=\skip71
\vwcol@last=\count199
\vwcol@Ncols=\count266
\vwcol@Nlines=\count267
\vwcol@maxrecursion=\count268
\vwcol@box=\box51
\vwcol@plainbox=\box52
\vwcol@outputbox=\box53
) (/usr/share/texlive/texmf-dist/tex/latex/fontspec/fontspec.sty (/usr/share/texlive/texmf-dist/tex/latex/l3packages/xparse/xparse.sty (/usr/share/texlive/texmf-dist/tex/latex/l3kernel/expl3.sty
Package: expl3 2023-02-22 L3 programming layer (loader) 
 (/usr/share/texlive/texmf-dist/tex/latex/l3backend/l3backend-pdftex.def
File: l3backend-pdftex.def 2023-01-16 L3 backend support: PDF output (pdfTeX)
\l__color_backend_stack_int=\count269
\l__pdf_internal_box=\box54
))
Package: xparse 2023-02-02 L3 Experimental document command parser
)
Package: fontspec 2022/01/15 v2.8a Font selection for XeLaTeX and LuaLaTeX


/usr/share/texlive/texmf-dist/tex/latex/fontspec/fontspec.sty:45: Fatal Package fontspec Error: The fontspec package requires either XeTeX or
(fontspec)                      LuaTeX.
(fontspec)                      
(fontspec)                      You must change your typesetting engine to,
(fontspec)                      e.g., "xelatex" or "lualatex" instead of
(fontspec)                      "latex" or "pdflatex".

Type <return> to continue.
 ...                                              
                                                  
l.45 \msg_fatal:nn {fontspec} {cannot-use-pdftex}
                                                 

LaTeX does not know anything more about this error, sorry.

Try typing <return> to proceed.
If that doesn't work, type X <return> to quit.

This is a fatal error: LaTeX will abort.



/usr/share/texlive/texmf-dist/tex/latex/fontspec/fontspec.sty:45: Emergency stop.
<read *> 
         
l.45 \msg_fatal:nn {fontspec} {cannot-use-pdftex}
                                                 
*** (cannot \read from terminal in nonstop modes)

 
Here is how much of TeX's memory you used:
 1712 strings out of 476041
 31134 string characters out of 5793163
 1849388 words of memory out of 6000000
 22194 multiletter control sequences out of 15000+600000
 512287 words of font info for 32 fonts, out of 8000000 for 9000
 1137 hyphenation exceptions out of 8191
 72i,0n,77p,299b,44s stack positions out of 10000i,1000n,20000p,200000b,200000s
/usr/share/texlive/texmf-dist/tex/latex/fontspec/fontspec.sty:45:  ==> Fatal error occurred, no output PDF file produced!
